app/build/outputs/mapping/STAR_Prod_SAP_Release/seeds.txt
org.forcepower.starcement.fragments.SubDealerLiftingRejected
org.forcepower.starcement.aaa.PayAmountPopActivity
org.forcepower.starcement.aaa.ActivityOrderFilter
org.forcepower.starcement.aaa.SchemePdfActivity
org.forcepower.starcement.fragments.DealerLiftingAssignedSaveInvFragment
org.forcepower.starcement.aaa.MenuActivity
org.forcepower.starcement.aaa.CommonWebViewActivity
org.forcepower.starcement.aaa.NotificationPdfActivity
org.forcepower.starcement.GridViewScrollable
org.forcepower.starcement.aaa.ConsumerSchemeActivity
org.forcepower.starcement.fragments.DealerFragmentLiftingApproved
org.forcepower.starcement.aaa.KYCActivity
org.forcepower.starcement.fragments.DealerLiftingAssignedInvFragment
org.forcepower.starcement.aaa.NotificationDetailsActivity
org.forcepower.starcement.aaa.PaymentActivity
org.forcepower.starcement.fragments.dealer_lifting.allocated.AllocatedDealerLiftingFragment
org.forcepower.starcement.TouchImageView
org.forcepower.starcement.aaa.HelpActivity
org.forcepower.starcement.activity.declaration_of_dealer.DealerDeclarationActivity
org.forcepower.starcement.firebase.MyFirebaseMessagingService
org.forcepower.starcement.aaa.SubDealerLedgerActivity
org.forcepower.starcement.activity.dealer_lifting_allocation.DealerLiftingAllocationActivity
org.forcepower.starcement.aaa.TrackOrderActivityNewInv
org.forcepower.starcement.aaa.OtpActivity
org.forcepower.starcement.aaa.PopOrderFeedBackActivity
org.forcepower.starcement.aaa.PayAmountActivity
org.forcepower.starcement.aaa.ProductWiseGraphActivity
org.forcepower.starcement.aaa.OrderConfirmationActivity
org.forcepower.starcement.aaa.OrderFormActivityAlternateDesign
org.forcepower.starcement.aaa.LedgerActivity
org.forcepower.starcement.aaa.ReviewRatingActivity
org.forcepower.starcement.aaa.PaymentSummaryActivity
org.forcepower.starcement.fragments.DealerFragmentLiftingRejected
org.forcepower.starcement.fragments.FragmentPopOrder
org.forcepower.starcement.fragments.DealerFragmentLiftingPending
org.forcepower.starcement.activity.dealer_lifting_allocation.fragment.LiftingAllocationAssignedFragment
org.forcepower.starcement.ImageSlideFragmentOne
org.forcepower.starcement.aaa.PlaceOrderActivity
org.forcepower.starcement.aaa.LoginActivity
org.forcepower.starcement.aaa.ReviewRatingListActivity
org.forcepower.starcement.aaa.DealerLiftingAssignedAllocatedInvActivity
org.forcepower.starcement.application.ParentApplication
org.forcepower.starcement.aaa.SplashActivity
org.forcepower.starcement.fragments.SubDealerLiftingApproved
org.forcepower.starcement.aaa.PlaceOrderRssdActivity
org.forcepower.starcement.aaa.SubDealerTrackOrderNewActivityNew
org.forcepower.starcement.NonScrollListView
org.forcepower.starcement.aaa.MaterialRcvActivity
org.forcepower.starcement.activity.WebViewActivity
org.forcepower.starcement.aaa.NewSubDealerLiftingActivity
org.forcepower.starcement.aaa.PdfViewerActivity
org.forcepower.starcement.aaa.SelfAppraisalLandingActivity
org.forcepower.starcement.activity.dealer_lifting_allocation.fragment.DealerLiftingAssignedSaveFragment
org.forcepower.starcement.aaa.PaymentWebViewActivity
org.forcepower.starcement.aaa.EpodActivity
org.forcepower.starcement.aaa.DetailsActivity
org.forcepower.starcement.aaa.SubDealerShowAllocateActivity
org.forcepower.starcement.aaa.LedgerMonthWiseActivity
org.forcepower.starcement.aaa.CreditLimitActivity
org.forcepower.starcement.aaa.NewOrderConfirmationActivity
org.forcepower.starcement.util.MonthYearPickerDialog
org.forcepower.starcement.aaa.PopProductActivity
org.forcepower.starcement.activity.test.TextActivity
org.forcepower.starcement.aaa.AgeingActivity
org.forcepower.starcement.fragments.FragmentPopOrderHistory
org.forcepower.starcement.activity.kismet_ki_bori.KismetKiBoriActivity
org.forcepower.starcement.aaa.InvoiceActivity
org.forcepower.starcement.aaa.PopPaymentWebViewActivity
org.forcepower.starcement.aaa.DealerLiftingActivity
org.forcepower.starcement.fragments.SubDealerLiftingPending
...
okhttp3.internal.http2.Http2Reader: okhttp3.internal.http2.Http2Reader$ContinuationSource continuation
cz.msebera.android.httpclient.impl.conn.tsccm.RouteSpecificPool: cz.msebera.android.httpclient.extras.HttpClientAndroidLog log
cz.msebera.android.httpclient.impl.conn.ManagedClientConnectionImpl: cz.msebera.android.httpclient.impl.conn.HttpPoolEntry poolEntry
okhttp3.internal.ws.RealWebSocket: java.util.Random random
cz.msebera.android.httpclient.impl.io.ChunkedInputStream: cz.msebera.android.httpclient.Header[] footers
okhttp3.internal.cache2.Relay: okio.Source upstream
okhttp3.internal.http.RealInterceptorChain: int calls
cz.msebera.android.httpclient.impl.io.SessionInputBufferImpl: cz.msebera.android.httpclient.impl.io.HttpTransportMetricsImpl metrics
cz.msebera.android.httpclient.impl.auth.NTLMEngineImpl: int FLAG_REQUEST_128BIT_KEY_EXCH
com.github.mikephil.charting.renderer.DataRenderer: android.graphics.Paint mDrawPaint
com.loopj.android.http.Base64$Decoder: int[] DECODE_WEBSAFE
com.loopj.android.http.PersistentCookieStore: java.lang.String COOKIE_NAME_STORE
cz.msebera.android.httpclient.client.protocol.ClientContext: java.lang.String SCHEME_REGISTRY
cz.msebera.android.httpclient.impl.client.cache.WarningValue: java.lang.String warnAgent
okhttp3.Cache$Entry: java.lang.String message
cz.msebera.android.httpclient.impl.conn.tsccm.AbstractConnPool: boolean isShutDown
okhttp3.CipherSuite: okhttp3.CipherSuite TLS_DHE_RSA_WITH_CAMELLIA_128_CBC_SHA
okhttp3.internal.http2.Http2Connection: long readBytesTotal
cz.msebera.android.httpclient.protocol.ResponseContent: boolean overwrite
cz.msebera.android.httpclient.params.CoreConnectionPNames: java.lang.String MAX_LINE_LENGTH
cz.msebera.android.httpclient.impl.pool.BasicConnPool: java.util.concurrent.atomic.AtomicLong COUNTER
com.github.mikephil.charting_.animation.Easing$EasingOption: com.github.mikephil.charting_.animation.Easing$EasingOption EaseInOutCubic
com.loopj.android.http.AsyncHttpResponseHandler: android.os.Handler handler
cz.msebera.android.httpclient.HttpHeaders: java.lang.String PROXY_AUTHORIZATION
cz.msebera.android.httpclient.conn.params.ConnPerRouteBean: int defaultMax
cz.msebera.android.httpclient.client.config.RequestConfig$Builder: java.util.Collection targetPreferredAuthSchemes
cz.msebera.android.httpclient.config.RegistryBuilder: java.util.Map items
cz.msebera.android.httpclient.impl.client.HttpClientBuilder: cz.msebera.android.httpclient.client.ServiceUnavailableRetryStrategy serviceUnavailStrategy
okhttp3.internal.ws.RealWebSocket: java.util.ArrayDeque messageAndCloseQueue
cz.msebera.android.httpclient.impl.client.DefaultRedirectStrategy: cz.msebera.android.httpclient.impl.client.DefaultRedirectStrategy INSTANCE
okhttp3.internal.http2.Http2Connection$sendDegradedPingLater$$inlined$execute$1: boolean $cancelable
cz.msebera.android.httpclient.impl.HttpConnectionMetricsImpl: long requestCount
cz.msebera.android.httpclient.impl.bootstrap.ServerBootstrap: cz.msebera.android.httpclient.impl.bootstrap.SSLServerSetupHandler sslSetupHandler
com.github.mikephil.charting.charts.Chart: int PAINT_DESCRIPTION
okhttp3.internal.http2.Http2Connection: okhttp3.internal.http2.Http2Writer writer
cz.msebera.android.httpclient.client.utils.URIBuilder: int port
cz.msebera.android.httpclient.impl.conn.AbstractPoolEntry: java.lang.Object state
com.github.mikephil.charting_.charts.BarLineChartBase: com.github.mikephil.charting_.renderer.XAxisRenderer mXAxisRenderer
cz.msebera.android.httpclient.conn.ssl.SSLConnectionSocketFactory: cz.msebera.android.httpclient.conn.ssl.X509HostnameVerifier ALLOW_ALL_HOSTNAME_VERIFIER
cz.msebera.android.httpclient.conn.routing.RouteInfo$LayerType: cz.msebera.android.httpclient.conn.routing.RouteInfo$LayerType[] $VALUES
cz.msebera.android.httpclient.impl.client.ProxyClient: cz.msebera.android.httpclient.conn.HttpConnectionFactory connFactory
com.loopj.android.http.BuildConfig: java.lang.String VERSION_NAME