app/build/outputs/mapping/STAR_Prod_SAP_Release/usage.txt
org.forcepower.starcement.BuildConfig
org.forcepower.starcement.CategoryClass:
    public void setQty(java.lang.String)
org.forcepower.starcement.CategoryItem:
    private java.lang.String cat_id
    private java.lang.String name
    private java.lang.String small
    private java.lang.String timestamp
    public java.lang.String getName()
    public void setName(java.lang.String)
org.forcepower.starcement.GridViewScrollable:
    public void <init>(android.content.Context)
    public void <init>(android.content.Context,android.util.AttributeSet,int)
org.forcepower.starcement.ItemDetailsClass:
    private java.lang.String Position
    private java.lang.String name
    public java.lang.String getName()
    public java.lang.String getPosition()
    public void setName(java.lang.String)
    public void setPosition(java.lang.String)
org.forcepower.starcement.NonScrollListView:
    public void <init>(android.content.Context)
    public void <init>(android.content.Context,android.util.AttributeSet,int)
org.forcepower.starcement.OnSingleClickListener:
    private static final long MIN_CLICK_INTERVAL
org.forcepower.starcement.R$anim
org.forcepower.starcement.R$color:
    public static int colorPrimary
    public static int dark_grey
    public static int translucent_black
    public static int transparent
    private void <init>()
org.forcepower.starcement.R$dimen
org.forcepower.starcement.R$drawable:
    public static int add
    public static int arrow_back
    public static int back_bg
    public static int blur_bg
    public static int btn_design
    public static int button_background_red
    public static int button_design
    public static int calendar
    public static int cart
    public static int circular
    public static int circular_bg
    public static int connect
    public static int cross
    public static int cross_black
    public static int dashboard
    public static int details
    public static int down_arrow
    public static int edit_text_design
    public static int email_menu
    public static int fb
    public static int header_dark_blue
    public static int info
    public static int list_divider
    public static int list_divider_line
    public static int message
    public static int more
    public static int notification_
    public static int option_menu
    public static int otp_icon
    public static int payment
    public static int popup_design
    public static int popup_design_t_and_c
    public static int popup_header_t_and_c
    public static int red_black_logo
    public static int refresh
    public static int rounded_black
    public static int rounded_grey
    public static int rounded_grey_search
    public static int rupee
    public static int ruppes_white
    public static int scheme_popup_bg
    public static int search_g
    public static int search_w
    public static int searchx
...
androidx.exifinterface.media.ExifInterface$1:
    public final synthetic androidx.exifinterface.media.ExifInterface this$0
androidx.exifinterface.media.ExifInterface$ByteOrderedDataInputStream:
    public static int position()
    public final long readUnsignedInt()
    public static void setByteOrder()
androidx.exifinterface.media.ExifInterface$ByteOrderedDataOutputStream:
    public static void setByteOrder()
    public static void writeUnsignedInt()
    public static void writeUnsignedShort()
androidx.exifinterface.media.ExifInterface$ExifAttribute:
    public static androidx.exifinterface.media.ExifInterface$ExifAttribute createURational(androidx.exifinterface.media.ExifInterface$Rational,java.nio.ByteOrder)
    public final int size()
androidx.exifinterface.media.ExifInterface$ExifTag:
    public static boolean isFormatCompatible()
androidx.exifinterface.media.ExifInterface$Rational:
    public static double calculate()
androidx.exifinterface.media.ExifInterface:
    public static final int[] BITS_PER_SAMPLE_GREYSCALE_1
    public static final java.util.List FLIPPED_ROTATION_ORDER
    public static final androidx.exifinterface.media.ExifInterface$ExifTag[] IFD_EXIF_TAGS
    public static final androidx.exifinterface.media.ExifInterface$ExifTag[] IFD_GPS_TAGS
    public static final androidx.exifinterface.media.ExifInterface$ExifTag[] IFD_INTEROPERABILITY_TAGS
    public static final androidx.exifinterface.media.ExifInterface$ExifTag[] IFD_THUMBNAIL_TAGS
    public static final androidx.exifinterface.media.ExifInterface$ExifTag[] IFD_TIFF_TAGS
    public static final java.util.regex.Pattern NON_ZERO_TIME_PATTERN
    public static final androidx.exifinterface.media.ExifInterface$ExifTag[] ORF_CAMERA_SETTINGS_TAGS
    public static final androidx.exifinterface.media.ExifInterface$ExifTag[] ORF_IMAGE_PROCESSING_TAGS
    public static final androidx.exifinterface.media.ExifInterface$ExifTag[] ORF_MAKER_NOTE_TAGS
    public static final androidx.exifinterface.media.ExifInterface$ExifTag[] PEF_TAGS
    public static final java.util.List ROTATION_ORDER
    public boolean mIsExifDataOnly
    public boolean mModified
    public static java.text.SimpleDateFormat sFormatterPrimary
    public static java.text.SimpleDateFormat sFormatterSecondary
androidx.exifinterface.media.ExifInterfaceUtils:
    public static void closeFileDescriptor(java.io.FileDescriptor)
    public static boolean startsWith(byte[],byte[])
androidx.fragment.R$animator
androidx.fragment.R$id
androidx.fragment.R$styleable:
    public static int FragmentContainerView_android_name
    public static int FragmentContainerView_android_tag
    public static int Fragment_android_id
    public static int Fragment_android_name
    public static int Fragment_android_tag